# size n PRTT(1,0,s) PRTT(n,0,s) PRTT(n,PRTT(1,0,s),s) L o_s o_r g G lsqu(g,G)
# to get o: plot "./loggp.out" using 1:(($5-$3)/($2-1)-$3)
# to get g,G: plot "./loggp.out" using 1:($4-$3)/($2-1)
1 10 2.655000 4.950000 27.912000 1.327500 0.151333 0.279333 -nan -nan -nan
1025 10 11.581000 47.139000 151.182000 1.327500 3.930222 3.967444 0.251391 0.003609 inf
2049 10 11.882000 47.680000 154.478000 1.327500 3.962000 3.991778 0.864719 0.001818 1.497954
3073 10 11.952000 48.169000 155.640000 1.327500 4.013333 4.030778 1.350682 0.001107 1.415960
4097 10 13.896000 53.450000 179.637000 1.327500 4.519667 4.412667 1.649073 0.000816 1.277826
5121 10 14.147000 52.859000 181.740000 1.327500 4.474444 4.399222 1.939773 0.000603 1.225361
6145 10 14.286000 53.750000 182.661000 1.327500 4.422333 4.308000 2.164922 0.000471 1.171040
7169 10 14.457000 53.259000 184.535000 1.327500 4.440556 4.330222 2.370194 0.000371 1.135831
8193 10 14.486000 52.979000 184.465000 1.327500 4.400556 4.322444 2.546399 0.000297 1.104432
9217 10 14.576000 52.889000 185.007000 1.327500 4.360778 4.280111 2.696109 0.000242 1.074203
10241 10 14.736000 53.409000 186.719000 1.327500 4.373222 4.237778 2.816378 0.000203 1.041437
11265 10 14.998000 52.257000 189.083000 1.327500 4.344778 4.137778 2.940313 0.000167 1.020778
12289 10 15.209000 53.059000 191.158000 1.327500 4.340889 4.231222 3.035442 0.000142 0.994019
13313 10 16.340000 62.426000 200.184000 1.327500 4.087111 5.205222 3.012643 0.000147 0.952994
14337 10 16.510000 64.881000 201.577000 1.327500 4.053000 5.434667 2.985413 0.000153 0.917616
15361 10 16.821000 66.705000 204.743000 1.327500 4.059222 5.576000 2.964651 0.000158 0.885504
16385 10 16.880000 68.227000 205.393000 1.327500 4.065889 5.726222 2.949279 0.000161 0.856229
17409 10 17.303000 69.470000 209.842000 1.327500 4.090222 5.805333 2.944646 0.000162 0.829114
18433 10 17.292000 69.811000 209.753000 1.327500 4.092556 5.887667 2.952426 0.000160 0.804581
19457 10 17.343000 69.520000 209.973000 1.327500 4.060333 5.835333 2.975748 0.000156 0.784050
20481 10 17.312000 69.770000 209.953000 1.327500 4.092556 5.848667 3.004579 0.000152 0.766614
21505 10 17.562000 70.201000 212.478000 1.327500 4.095333 5.915556 3.038083 0.000147 0.752174
22529 10 17.583000 69.861000 212.298000 1.327500 4.052000 5.882000 3.079361 0.000141 0.741991
23553 10 17.552000 70.030000 212.628000 1.327500 4.123111 5.850778 3.121641 0.000136 0.733665
24577 10 17.522000 70.441000 212.197000 1.327500 4.108556 5.884333 3.162414 0.000130 0.726027
25601 10 17.543000 71.262000 212.337000 1.327500 4.100778 5.944444 3.198927 0.000126 0.717847
26625 10 17.642000 71.324000 213.540000 1.327500 4.124444 5.970111 3.237921 0.000121 0.711789
27649 10 17.954000 72.115000 216.354000 1.327500 4.090444 6.074667 3.274939 0.000117 0.705880
28673 10 17.862000 72.294000 215.593000 1.327500 4.108111 6.083667 3.311544 0.000113 0.700716
29697 10 18.424000 74.801000 220.834000 1.327500 4.066000 6.315000 3.336375 0.000111 0.691931
30721 10 18.295000 73.658000 220.021000 1.327500 4.119000 6.236000 3.370643 0.000107 0.687493
31745 10 18.474000 74.920000 221.855000 1.327500 4.123889 6.293889 3.399252 0.000104 0.681419
32769 10 19.817000 98.985000 277.510000 1.327500 8.815556 8.765111 3.290144 0.000115 0.748682
33793 10 19.988000 99.607000 279.021000 1.327500 8.793444 8.777556 3.199881 0.000123 0.788102
34817 10 20.198000 98.884000 281.176000 1.327500 8.799556 8.796444 3.133900 0.000129 0.803176
35841 10 20.558000 100.056000 285.013000 1.327500 8.825889 8.822000 3.078768 0.000134 0.810406
36865 10 20.818000 100.980000 288.531000 1.327500 8.927889 8.894333 3.033874 0.000137 0.811671
37889 10 21.209000 102.712000 293.139000 1.327500 9.005444 8.966778 2.994211 0.000141 0.810646
38913 10 21.230000 102.591000 294.029000 1.327500 9.081000 9.001222 2.966984 0.000143 0.804618
39937 10 21.489000 103.053000 296.495000 1.327500 9.067222 9.053444 2.948741 0.000144 0.796277
40961 10 21.711000 103.163000 298.630000 1.327500 9.057778 9.040333 2.939880 0.000145 0.786568
41985 10 21.761000 103.444000 299.721000 1.327500 9.123444 9.048000 2.937463 0.000145 0.776717
43009 10 21.861000 103.965000 300.663000 1.327500 9.117000 9.103556 2.939724 0.000145 0.767226
44033 10 21.871000 104.005000 301.584000 1.327500 9.208222 9.131556 2.947892 0.000144 0.758567
45057 10 22.082000 104.345000 303.307000 1.327500 9.165222 9.120222 2.960731 0.000143 0.751047
46081 10 22.372000 104.866000 306.373000 1.327500 9.183667 9.156000 2.977161 0.000142 0.744744
47105 10 22.441000 105.216000 307.496000 1.327500 9.231778 9.196111 2.996477 0.000141 0.739661
48129 10 22.561000 106.048000 308.969000 1.327500 9.262111 9.230667 3.016412 0.000140 0.735115
49153 10 22.633000 105.957000 310.380000 1.327500 9.338889 9.261778 3.040573 0.000138 0.732574
50177 10 22.873000 106.971000 312.885000 1.327500 9.350556 9.323000 3.064497 0.000137 0.730235
51201 10 22.932000 107.170000 313.817000 1.327500 9.388556 9.338667 3.090760 0.000135 0.729303
52225 10 23.144000 108.162000 316.864000 1.327500 9.491556 9.438778 3.116465 0.000134 0.728375
53249 10 22.962000 108.192000 314.900000 1.327500 9.475556 9.391889 3.143867 0.000132 0.728607
54273 10 23.584000 108.672000 321.131000 1.327500 9.476778 9.440889 3.174108 0.000130 0.730730
55297 10 23.544000 109.344000 321.211000 1.327500 9.530111 9.488889 3.203563 0.000129 0.732621
56321 10 23.643000 110.036000 322.945000 1.327500 9.612778 9.536667 3.232707 0.000127 0.734559
57345 10 23.914000 110.296000 325.949000 1.327500 9.645444 9.576667 3.263751 0.000126 0.737909
58369 10 24.134000 111.067000 329.006000 1.327500 9.740667 9.663444 3.294406 0.000124 0.741214
59393 10 24.586000 111.709000 333.544000 1.327500 9.742667 9.717000 3.325951 0.000122 0.745305
60417 10 24.415000 112.590000 332.352000 1.327500 9.800222 9.711556 3.355213 0.000121 0.748092
61441 10 24.647000 113.082000 335.197000 1.327500 9.858556 9.810444 3.385107 0.000119 0.751477
62465 10 25.096000 114.184000 339.906000 1.327500 9.882889 9.847222 3.414188 0.000118 0.754518
63489 10 24.846000 114.274000 338.093000 1.327500 9.959222 9.926222 3.443539 0.000117 0.757913
64513 10 25.047000 114.995000 341.039000 1.327500 10.063222 9.970889 3.472497 0.000115 0.761223
65537 10 25.638000 120.275000 351.658000 1.327500 10.586444 10.534000 3.487452 0.000115 0.757713
66561 10 25.828000 121.638000 354.082000 1.327500 10.644667 10.594222 3.500926 0.000114 0.753885
67585 10 26.079000 121.067000 356.227000 1.327500 10.604111 10.521778 3.519356 0.000113 0.752092
68609 10 25.969000 121.546000 355.414000 1.327500 10.636000 10.555222 3.537883 0.000112 0.750510
69633 10 26.289000 121.658000 358.962000 1.327500 10.674667 10.594111 3.558933 0.000111 0.750308
70657 10 26.608000 124.673000 364.322000 1.327500 10.915778 10.864667 3.573440 0.000111 0.747385
71681 10 26.560000 123.201000 362.728000 1.327500 10.792000 10.673222 3.594283 0.000110 0.747430
72705 10 26.529000 125.013000 363.961000 1.327500 10.963444 10.888000 3.611255 0.000109 0.745758
73729 10 26.769000 124.684000 365.904000 1.327500 10.912667 10.849222 3.631693 0.000108 0.745908
74753 10 27.261000 125.424000 370.603000 1.327500 10.888111 10.886889 3.652945 0.000107 0.746642
75777 10 27.041000 125.896000 369.803000 1.327500 11.043667 10.962778 3.673662 0.000107 0.747215
76801 10 27.441000 125.864000 373.199000 1.327500 10.976556 10.908111 3.697022 0.000106 0.749479
77825 10 27.622000 127.328000 376.415000 1.327500 11.132778 11.050667 3.718042 0.000105 0.750461
78849 10 28.183000 128.089000 381.703000 1.327500 11.097000 11.079556 3.739845 0.000104 0.752026
79873 10 28.032000 128.611000 380.733000 1.327500 11.157000 11.139556 3.761072 0.000103 0.753368
80897 10 28.262000 130.022000 384.078000 1.327500 11.273111 11.243222 3.780387 0.000102 0.753747
81921 10 28.463000 130.524000 387.405000 1.327500 11.419444 11.314556 3.800236 0.000102 0.754538
82945 10 28.692000 131.395000 390.260000 1.327500 11.482222 11.365667 3.819673 0.000101 0.755213
83969 10 28.994000 132.788000 393.497000 1.327500 11.506333 11.454667 3.837552 0.000100 0.755161
84993 10 29.275000 133.770000 396.933000 1.327500 11.575889 11.587111 3.854960 0.000100 0.754977
86017 10 29.275000 134.080000 397.774000 1.327500 11.669333 11.628222 3.872903 0.000099 0.755180
87041 10 29.735000 135.122000 403.094000 1.327500 11.749333 11.755222 3.890651 0.000098 0.755384
88065 10 29.595000 136.345000 402.072000 1.327500 11.791333 11.755222 3.906277 0.000098 0.754622
89089 10 29.925000 136.706000 406.320000 1.327500 11.896667 11.867778 3.923161 0.000097 0.754584
90113 10 30.106000 137.607000 408.614000 1.327500 11.950444 11.931222 3.939543 0.000097 0.754388
91137 10 30.046000 138.448000 408.675000 1.327500 12.023889 12.011222 3.955013 0.000096 0.753833
92161 10 30.447000 138.849000 413.043000 1.327500 12.063667 12.039111 3.971746 0.000096 0.754015
93185 10 30.536000 140.443000 414.927000 1.327500 12.174111 12.156111 3.986133 0.000095 0.753123
94209 10 30.807000 140.953000 418.523000 1.327500 12.272556 12.223889 4.001239 0.000095 0.752663
95233 10 31.107000 142.537000 421.921000 1.327500 12.316778 12.315222 4.014619 0.000094 0.751489
96257 10 30.927000 142.596000 421.540000 1.327500 12.474444 12.383222 4.028736 0.000094 0.750734
97281 10 31.489000 143.839000 427.509000 1.327500 12.513222 12.480000 4.042547 0.000094 0.749919
98305 10 31.519000 144.902000 429.244000 1.327500 12.672667 12.536778 4.055279 0.000093 0.748703
99329 10 31.608000 145.361000 430.447000 1.327500 12.707444 12.634556 4.068446 0.000093 0.747759
100353 10 31.810000 146.242000 432.470000 1.327500 12.707778 12.674778 4.081342 0.000092 0.746770
101377 10 31.898000 147.446000 435.144000 1.327500 12.907111 12.770556 4.093033 0.000092 0.745341
102401 10 32.120000 147.876000 436.847000 1.327500 12.849667 12.850667 4.105522 0.000092 0.744325
103425 10 32.441000 149.350000 441.707000 1.327500 13.033000 12.949667 4.116756 0.000091 0.742851
104449 10 32.491000 149.919000 442.277000 1.327500 13.040778 13.026556 4.128130 0.000091 0.741504
105473 10 32.610000 150.953000 444.722000 1.327500 13.180222 13.136778 4.138806 0.000091 0.739944
106497 10 32.961000 152.124000 449.000000 1.327500 13.265556 13.223556 4.149015 0.000090 0.738271
107521 10 32.881000 152.956000 448.669000 1.327500 13.317667 13.320444 4.158588 0.000090 0.736428
108545 10 33.001000 153.357000 450.783000 1.327500 13.419222 13.309333 4.168830 0.000090 0.734898
109569 10 33.602000 154.730000 457.357000 1.327500 13.481889 13.431667 4.178717 0.000090 0.733293
110593 10 33.402000 156.141000 457.265000 1.327500 13.693889 13.588778 4.186600 0.000089 0.731061
111617 10 33.992000 156.953000 462.967000 1.327500 13.671889 13.618778 4.195311 0.000089 0.729155
112641 10 33.673000 157.494000 460.572000 1.327500 13.760222 13.682222 4.203560 0.000089 0.727150
113665 10 33.933000 158.606000 464.529000 1.327500 13.911000 13.806778 4.211382 0.000089 0.725063
114689 10 34.244000 159.037000 467.876000 1.327500 13.937333 13.859222 4.220199 0.000088 0.723364
115713 10 34.133000 160.420000 468.026000 1.327500 14.077333 13.936111 4.227345 0.000088 0.721173
116737 10 34.324000 161.362000 470.381000 1.327500 14.126778 14.039556 4.234302 0.000088 0.718978
117761 10 34.563000 162.644000 474.048000 1.327500 14.268667 14.163111 4.240531 0.000088 0.716631
118785 10 34.846000 163.485000 477.665000 1.327500 14.356111 14.272222 4.246965 0.000088 0.714386
119809 10 35.256000 165.020000 481.842000 1.327500 14.364667 14.368111 4.252549 0.000088 0.711969
120833 10 34.846000 165.280000 479.888000 1.327500 14.603111 14.441333 4.258151 0.000087 0.709600
121857 10 35.246000 167.152000 484.276000 1.327500 14.646222 14.578333 4.262320 0.000087 0.706969
122881 10 35.024000 168.044000 483.556000 1.327500 14.812889 14.701889 4.265766 0.000087 0.704256
123905 10 35.536000 169.046000 489.135000 1.327500 14.863889 14.785556 4.269631 0.000087 0.701651
124929 10 35.395000 169.937000 488.105000 1.327500 14.906111 14.890111 4.272937 0.000087 0.698994
125953 10 35.817000 171.110000 493.383000 1.327500 15.023667 14.961222 4.276202 0.000087 0.696368
126977 10 36.097000 171.672000 497.000000 1.327500 15.114444 15.107111 4.280241 0.000087 0.693911
128001 10 36.257000 173.715000 500.037000 1.327500 15.274111 15.169556 4.282258 0.000087 0.691203
129025 10 35.936000 172.091000 496.329000 1.327500 15.218778 15.098111 4.287790 0.000087 0.689161
130049 10 36.087000 173.364000 498.052000 1.327500 15.242444 15.236333 4.292563 0.000087 0.686968
