# Hoverboard test (1048576 1 1000000000)
# time(ns),sleep_time(ns),repetitions
137696668,1000000000,1
352879,1000000000,1
122653,1000000000,1
195085,1000000000,1
138454,1000000000,1
126533,1000000000,1
195045,1000000000,1
128844,1000000000,1
139633,1000000000,1
195924,1000000000,1
125663,1000000000,1
124622,1000000000,1
136704,1000000000,1
196005,1000000000,1
129273,1000000000,1
128394,1000000000,1
135893,1000000000,1
123583,1000000000,1
127172,1000000000,1
198165,1000000000,1
136603,1000000000,1
126873,1000000000,1
126204,1000000000,1
130254,1000000000,1
133624,1000000000,1
126344,1000000000,1
123944,1000000000,1
199706,1000000000,1
135214,1000000000,1
131623,1000000000,1
# Hoverboard test (1048576 1 800000000)
# time(ns),sleep_time(ns),repetitions
129888852,800000000,1
340108,800000000,1
125543,800000000,1
123623,800000000,1
132803,800000000,1
187804,800000000,1
123653,800000000,1
121232,800000000,1
132364,800000000,1
122274,800000000,1
194004,800000000,1
125813,800000000,1
132833,800000000,1
121403,800000000,1
124463,800000000,1
123392,800000000,1
131864,800000000,1
185784,800000000,1
122932,800000000,1
121642,800000000,1
133714,800000000,1
122153,800000000,1
123153,800000000,1
121202,800000000,1
131584,800000000,1
122083,800000000,1
189486,800000000,1
120783,800000000,1
132732,800000000,1
122742,800000000,1
# Hoverboard test (1048576 1 600000000)
# time(ns),sleep_time(ns),repetitions
136220598,600000000,1
145353,600000000,1
190735,600000000,1
124644,600000000,1
133222,600000000,1
125863,600000000,1
199206,600000000,1
129473,600000000,1
135532,600000000,1
123453,600000000,1
122033,600000000,1
191984,600000000,1
131224,600000000,1
120403,600000000,1
121243,600000000,1
123152,600000000,1
129804,600000000,1
126062,600000000,1
198915,600000000,1
123073,600000000,1
131432,600000000,1
122913,600000000,1
124212,600000000,1
125942,600000000,1
129723,600000000,1
125354,600000000,1
181435,600000000,1
123873,600000000,1
129184,600000000,1
122113,600000000,1
# Hoverboard test (1048576 1 400000000)
# time(ns),sleep_time(ns),repetitions
137354468,400000000,1
149604,400000000,1
188095,400000000,1
119964,400000000,1
130924,400000000,1
123783,400000000,1
122402,400000000,1
120542,400000000,1
184185,400000000,1
121752,400000000,1
121422,400000000,1
125752,400000000,1
129663,400000000,1
120903,400000000,1
122012,400000000,1
121742,400000000,1
190404,400000000,1
122603,400000000,1
121464,400000000,1
122233,400000000,1
128503,400000000,1
122852,400000000,1
120403,400000000,1
121703,400000000,1
129664,400000000,1
123834,400000000,1
186185,400000000,1
123004,400000000,1
130353,400000000,1
125133,400000000,1
# Hoverboard test (1048576 1 200000000)
# time(ns),sleep_time(ns),repetitions
135921620,200000000,1
146475,200000000,1
116683,200000000,1
193424,200000000,1
130342,200000000,1
119543,200000000,1
122133,200000000,1
123423,200000000,1
129103,200000000,1
121043,200000000,1
121582,200000000,1
120844,200000000,1
128203,200000000,1
182394,200000000,1
119554,200000000,1
122812,200000000,1
130582,200000000,1
122102,200000000,1
121264,200000000,1
119083,200000000,1
129194,200000000,1
120624,200000000,1
117883,200000000,1
119912,200000000,1
128403,200000000,1
123763,200000000,1
179474,200000000,1
120234,200000000,1
132773,200000000,1
119283,200000000,1
# Hoverboard test (1048576 1 0)
# time(ns),sleep_time(ns),repetitions
136718232,0,1
115362,0,1
101553,0,1
100432,0,1
99542,0,1
99091,0,1
101792,0,1
100943,0,1
100623,0,1
100033,0,1
99101,0,1
99183,0,1
99522,0,1
99472,0,1
98151,0,1
99922,0,1
100563,0,1
99482,0,1
99601,0,1
100072,0,1
99043,0,1
101182,0,1
99842,0,1
100721,0,1
99102,0,1
99862,0,1
99732,0,1
101742,0,1
100472,0,1
99373,0,1
# Hoverboard test (1048576 1 200000001)
# time(ns),sleep_time(ns),repetitions
138083570,200000001,1
144213,200000001,1
123722,200000001,1
184865,200000001,1
129153,200000001,1
122793,200000001,1
122653,200000001,1
124124,200000001,1
126953,200000001,1
117243,200000001,1
121662,200000001,1
122843,200000001,1
126563,200000001,1
179434,200000001,1
120413,200000001,1
121442,200000001,1
127793,200000001,1
122173,200000001,1
124403,200000001,1
121302,200000001,1
127434,200000001,1
121913,200000001,1
120284,200000001,1
123503,200000001,1
129882,200000001,1
124582,200000001,1
176135,200000001,1
121354,200000001,1
129833,200000001,1
122444,200000001,1
# Hoverboard test (1048576 1 400000001)
# time(ns),sleep_time(ns),repetitions
127170130,400000001,1
149293,400000001,1
185734,400000001,1
126102,400000001,1
130513,400000001,1
123582,400000001,1
122102,400000001,1
121844,400000001,1
189354,400000001,1
122943,400000001,1
123734,400000001,1
122734,400000001,1
132043,400000001,1
127073,400000001,1
125634,400000001,1
166774,400000001,1
130823,400000001,1
123863,400000001,1
123093,400000001,1
123022,400000001,1
129992,400000001,1
126843,400000001,1
120744,400000001,1
124994,400000001,1
131224,400000001,1
124374,400000001,1
183114,400000001,1
126233,400000001,1
129763,400000001,1
122092,400000001,1
# Hoverboard test (1048576 1 600000001)
# time(ns),sleep_time(ns),repetitions
139389527,600000001,1
144484,600000001,1
195655,600000001,1
123782,600000001,1
131263,600000001,1
128094,600000001,1
193735,600000001,1
121334,600000001,1
130463,600000001,1
123213,600000001,1
127372,600000001,1
192035,600000001,1
130053,600000001,1
135213,600000001,1
122762,600000001,1
127024,600000001,1
130873,600000001,1
135853,600000001,1
197096,600000001,1
127283,600000001,1
131273,600000001,1
124512,600000001,1
123423,600000001,1
122214,600000001,1
134693,600000001,1
123153,600000001,1
178014,600000001,1
122922,600000001,1
130403,600000001,1
122582,600000001,1
# Hoverboard test (1048576 1 800000001)
# time(ns),sleep_time(ns),repetitions
127605981,800000001,1
301179,800000001,1
124083,800000001,1
121022,800000001,1
134603,800000001,1
159834,800000001,1
125514,800000001,1
118244,800000001,1
130533,800000001,1
119454,800000001,1
185025,800000001,1
126293,800000001,1
131892,800000001,1
120383,800000001,1
123433,800000001,1
120992,800000001,1
131994,800000001,1
145743,800000001,1
153674,800000001,1
126053,800000001,1
130762,800000001,1
120772,800000001,1
122314,800000001,1
123143,800000001,1
131823,800000001,1
121404,800000001,1
191464,800000001,1
126824,800000001,1
132683,800000001,1
119442,800000001,1
# Hoverboard test (1048576 1 1000000001)
# time(ns),sleep_time(ns),repetitions
138650570,1000000001,1
348989,1000000001,1
127943,1000000001,1
194205,1000000001,1
132864,1000000001,1
124994,1000000001,1
192705,1000000001,1
127962,1000000001,1
134193,1000000001,1
193235,1000000001,1
126574,1000000001,1
126084,1000000001,1
135063,1000000001,1
187805,1000000001,1
125473,1000000001,1
126973,1000000001,1
133043,1000000001,1
127203,1000000001,1
125782,1000000001,1
188895,1000000001,1
135203,1000000001,1
126923,1000000001,1
122733,1000000001,1
127393,1000000001,1
135534,1000000001,1
130584,1000000001,1
127343,1000000001,1
193554,1000000001,1
133033,1000000001,1
126612,1000000001,1
