# size n PRTT(1,0,s) PRTT(n,0,s) PRTT(n,PRTT(1,0,s),s) L o_s o_r g G lsqu(g,G)
# to get o: plot "./loggp.out" using 1:(($5-$3)/($2-1)-$3)
# to get g,G: plot "./loggp.out" using 1:($4-$3)/($2-1)
1 10 4.790000 6.799000 48.892000 2.395000 0.110222 0.250000 -nan -nan -nan
1025 10 12.049000 42.990000 150.724000 2.395000 3.359333 3.426889 0.220083 0.003139 inf
2049 10 12.419000 44.241000 154.424000 2.395000 3.359333 3.744889 0.741068 0.001617 1.272419
3073 10 14.601000 47.141000 177.354000 2.395000 3.482667 3.836111 1.160874 0.001003 1.211810
4097 10 16.350000 48.701000 193.906000 2.395000 3.378444 3.857222 1.496658 0.000676 1.163654
5121 10 16.410000 48.602000 194.725000 2.395000 3.402778 3.888333 1.759824 0.000483 1.114667
6145 10 16.860000 49.100000 198.994000 2.395000 3.377111 3.879556 1.964748 0.000363 1.065327
7169 10 16.529000 49.150000 196.344000 2.395000 3.450444 3.890333 2.122158 0.000286 1.016074
8193 10 16.420000 49.591000 195.284000 2.395000 3.453778 3.919333 2.243979 0.000235 0.969221
9217 10 17.021000 49.930000 200.996000 2.395000 3.420667 4.131889 2.354167 0.000195 0.932139
10241 10 17.320000 50.660000 203.626000 2.395000 3.380667 4.138444 2.442495 0.000166 0.896720
11265 10 16.980000 50.722000 200.804000 2.395000 3.444889 4.303889 2.515230 0.000145 0.863932
12289 10 17.001000 51.181000 200.804000 2.395000 3.421556 4.355111 2.575657 0.000129 0.833663
13313 10 17.751000 53.271000 208.674000 2.395000 3.462667 4.819556 2.615166 0.000119 0.802790
14337 10 18.030000 53.622000 211.286000 2.395000 3.442889 4.902889 2.655357 0.000110 0.776481
15361 10 18.461000 53.980000 215.005000 2.395000 3.377222 4.969667 2.696777 0.000102 0.754176
16385 10 18.220000 55.051000 213.016000 2.395000 3.424000 4.983000 2.723137 0.000096 0.731191
17409 10 18.419000 56.731000 215.504000 2.395000 3.479333 5.388333 2.736709 0.000094 0.708711
18433 10 18.741000 57.691000 218.926000 2.395000 3.501778 5.428556 2.749297 0.000092 0.688232
19457 10 18.771000 58.220000 219.085000 2.395000 3.486111 5.355222 2.762310 0.000090 0.669620
20481 10 18.830000 58.732000 219.687000 2.395000 3.487444 5.409667 2.775891 0.000088 0.652665
21505 10 19.020000 60.540000 221.936000 2.395000 3.526222 5.555222 2.779503 0.000087 0.636207
22529 10 19.390000 61.380000 225.246000 2.395000 3.482889 5.561667 2.785196 0.000086 0.621054
23553 10 19.561000 62.701000 227.166000 2.395000 3.506222 5.660778 2.786895 0.000086 0.606792
24577 10 19.590000 64.132000 227.535000 2.395000 3.515000 5.766222 2.783486 0.000086 0.593526
25601 10 19.919000 65.642000 230.855000 2.395000 3.518333 5.939444 2.777769 0.000087 0.581244
26625 10 20.231000 66.681000 233.987000 2.395000 3.519667 6.005222 2.773602 0.000088 0.569620
27649 10 20.361000 67.542000 235.537000 2.395000 3.547444 6.091889 2.770679 0.000088 0.558620
28673 10 20.479000 68.511000 236.487000 2.395000 3.521889 6.145111 2.767952 0.000088 0.548235
29697 10 20.710000 70.442000 238.806000 2.395000 3.522889 6.278556 2.759720 0.000089 0.538897
30721 10 20.911000 71.532000 240.895000 2.395000 3.531667 6.323111 2.752302 0.000090 0.529983
31745 10 21.101000 72.671000 242.706000 2.395000 3.521778 6.336444 2.745218 0.000091 0.521513
32769 10 21.629000 115.704000 311.318000 2.395000 10.558667 10.519778 2.483277 0.000115 0.950760
33793 10 21.419000 115.623000 308.629000 2.395000 10.493222 10.434111 2.263457 0.000135 1.157101
34817 10 21.770000 115.753000 312.509000 2.395000 10.534333 10.482000 2.082023 0.000152 1.273577
35841 10 21.620000 115.833000 310.167000 2.395000 10.440778 10.374333 1.931180 0.000165 1.343004
36865 10 21.771000 114.353000 310.108000 2.395000 10.266444 10.247778 1.817168 0.000174 1.373454
37889 10 21.750000 110.262000 306.618000 2.395000 9.902000 9.867667 1.748100 0.000180 1.372745
38913 10 21.939000 113.593000 313.009000 2.395000 10.402111 10.350778 1.679656 0.000185 1.372662
39937 10 21.711000 115.253000 311.308000 2.395000 10.466444 10.388889 1.618455 0.000190 1.369703
40961 10 21.999000 114.463000 312.758000 2.395000 10.307556 10.276444 1.578631 0.000193 1.358652
41985 10 22.520000 113.213000 315.789000 2.395000 10.065444 10.075444 1.560813 0.000194 1.342929
43009 10 22.990000 113.983000 322.219000 2.395000 10.257667 10.206556 1.552155 0.000195 1.326785
44033 10 23.140000 120.243000 325.859000 2.395000 10.495444 10.457556 1.524100 0.000197 1.314512
45057 10 23.290000 119.392000 330.189000 2.395000 10.809889 10.826556 1.512030 0.000198 1.299827
46081 10 23.831000 121.342000 334.570000 2.395000 10.695556 10.629000 1.503083 0.000198 1.285363
47105 10 23.891000 122.392000 337.728000 2.395000 10.979778 10.932222 1.498758 0.000198 1.271095
48129 10 23.840000 122.842000 338.029000 2.395000 11.069889 11.025333 1.500638 0.000198 1.257221
49153 10 23.891000 122.633000 338.069000 2.395000 11.017667 10.947778 1.511232 0.000198 1.244375
50177 10 24.259000 123.732000 343.169000 2.395000 11.175444 11.121000 1.525365 0.000197 1.232443
51201 10 24.391000 123.634000 344.190000 2.395000 11.142222 11.108889 1.546552 0.000196 1.222340
52225 10 24.269000 124.852000 341.929000 2.395000 11.026556 10.968556 1.567632 0.000194 1.212633
53249 10 24.029000 123.734000 339.539000 2.395000 11.027667 10.947667 1.597358 0.000193 1.205936
54273 10 24.351000 123.863000 343.909000 2.395000 11.155444 11.047889 1.632077 0.000191 1.201606
55297 10 24.519000 123.902000 343.609000 2.395000 10.935444 10.829667 1.670952 0.000188 1.199576
56321 10 24.350000 122.174000 342.788000 2.395000 11.032000 10.944444 1.718857 0.000186 1.202860
57345 10 24.499000 123.084000 342.939000 2.395000 10.883222 10.766444 1.766209 0.000183 1.206179
58369 10 24.870000 123.112000 349.320000 2.395000 11.180000 11.028778 1.816996 0.000181 1.212020
59393 10 25.079000 125.442000 350.500000 2.395000 11.078889 10.992000 1.861977 0.000178 1.214571
60417 10 25.181000 125.253000 353.459000 2.395000 11.294333 11.165556 1.910134 0.000176 1.219410
61441 10 24.950000 125.863000 348.789000 2.395000 11.032111 10.952222 1.957164 0.000174 1.223847
62465 10 25.350000 123.353000 354.309000 2.395000 11.201000 11.109889 2.015905 0.000171 1.236901
63489 10 25.690000 126.144000 355.949000 2.395000 11.005444 10.937778 2.067165 0.000168 1.244577
64513 10 25.949000 125.133000 361.159000 2.395000 11.296556 11.210000 2.123873 0.000166 1.256502
65537 10 26.189000 129.013000 365.000000 2.395000 11.456667 11.379889 2.169440 0.000163 1.260810
66561 10 26.381000 128.684000 366.839000 2.395000 11.447667 11.396667 2.218169 0.000161 1.267460
67585 10 26.681000 130.463000 370.209000 2.395000 11.488778 11.438889 2.263380 0.000159 1.272048
68609 10 26.760000 130.013000 371.540000 2.395000 11.548889 11.517778 2.311593 0.000157 1.278876
69633 10 26.350000 129.803000 367.449000 2.395000 11.549889 11.514333 2.360248 0.000155 1.286239
70657 10 26.560000 130.824000 370.020000 2.395000 11.602222 11.575444 2.407392 0.000153 1.292782
71681 10 27.060000 131.483000 375.580000 2.395000 11.664444 11.662111 2.455049 0.000151 1.299898
72705 10 26.930000 131.603000 374.560000 2.395000 11.695556 11.717667 2.502853 0.000149 1.307327
73729 10 26.821000 131.274000 373.231000 2.395000 11.669000 11.682333 2.552113 0.000147 1.315992
74753 10 27.030000 132.352000 376.490000 2.395000 11.798889 11.831111 2.599521 0.000145 1.323514
75777 10 27.210000 133.833000 378.289000 2.395000 11.798778 11.927778 2.643942 0.000143 1.329186
76801 10 27.411000 134.763000 381.050000 2.395000 11.882222 11.986667 2.687167 0.000141 1.334278
77825 10 26.731000 132.864000 373.320000 2.395000 11.778889 11.839000 2.734649 0.000140 1.342496
78849 10 26.970000 134.464000 377.981000 2.395000 12.031222 12.051000 2.778953 0.000138 1.348661
79873 10 27.260000 133.703000 378.849000 2.395000 11.805444 11.915556 2.826801 0.000136 1.357516
80897 10 27.360000 133.954000 380.789000 2.395000 11.909889 12.004556 2.874676 0.000134 1.366540
81921 10 27.131000 133.293000 376.860000 2.395000 11.727778 11.824444 2.924072 0.000132 1.376853
82945 10 27.281000 134.043000 379.889000 2.395000 11.897667 11.961222 2.972141 0.000131 1.386285
83969 10 27.321000 132.894000 377.589000 2.395000 11.597667 11.706778 3.023556 0.000129 1.398442
84993 10 27.280000 133.253000 379.231000 2.395000 11.825667 11.874444 3.073984 0.000127 1.409900
86017 10 26.901000 131.343000 372.929000 2.395000 11.546556 11.568000 3.128323 0.000125 1.424662
87041 10 27.360000 133.864000 380.809000 2.395000 11.912111 11.918889 3.177300 0.000123 1.435112
88065 10 27.500000 132.492000 379.480000 2.395000 11.608889 11.659000 3.230055 0.000122 1.448695
89089 10 27.240000 133.123000 379.220000 2.395000 11.868889 11.846667 3.280433 0.000120 1.460399
90113 10 27.260000 132.203000 376.679000 2.395000 11.564333 11.535667 3.332972 0.000118 1.473944
91137 10 27.429000 133.283000 380.180000 2.395000 11.765556 11.642000 3.383072 0.000116 1.485559
92161 10 27.541000 130.293000 378.500000 2.395000 11.454444 11.393444 3.440336 0.000115 1.503351
93185 10 27.631000 131.993000 380.750000 2.395000 11.604444 11.545778 3.493252 0.000113 1.517312
94209 10 27.689000 131.083000 380.090000 2.395000 11.466667 11.494444 3.548020 0.000111 1.532894
95233 10 28.030000 134.562000 387.020000 2.395000 11.857778 11.766778 3.595089 0.000110 1.542260
96257 10 28.041000 133.414000 386.250000 2.395000 11.760000 11.619000 3.644641 0.000108 1.553650
97281 10 28.161000 135.463000 389.001000 2.395000 11.932333 11.855778 3.689565 0.000107 1.561621
98305 10 28.331000 135.892000 390.860000 2.395000 11.950000 11.879000 3.733822 0.000105 1.569235
99329 10 28.380000 135.122000 390.790000 2.395000 11.887778 11.854444 3.779794 0.000104 1.578227
100353 10 28.581000 136.244000 393.391000 2.395000 11.953444 11.941333 3.823564 0.000102 1.585719
101377 10 28.431000 133.143000 389.241000 2.395000 11.659000 11.601222 3.873584 0.000101 1.598113
102401 10 28.320000 134.443000 389.520000 2.395000 11.813333 11.776667 3.920145 0.000100 1.607835
103425 10 28.501000 133.213000 390.220000 2.395000 11.690000 11.634667 3.969391 0.000098 1.619756
104449 10 28.651000 135.053000 392.801000 2.395000 11.810111 11.790111 4.014641 0.000097 1.628638
105473 10 28.760000 134.583000 393.630000 2.395000 11.781111 11.783444 4.060808 0.000096 1.638309
106497 10 28.720000 136.394000 394.831000 2.395000 11.959000 11.948889 4.102817 0.000094 1.645033
107521 10 28.921000 135.502000 396.151000 2.395000 11.882333 11.825667 4.146877 0.000093 1.653344
108545 10 29.100000 137.153000 398.211000 2.395000 11.912333 11.932333 4.187672 0.000092 1.659439
109569 10 29.281000 136.262000 399.941000 2.395000 11.903444 11.851444 4.230451 0.000091 1.667046
110593 10 29.401000 136.443000 401.031000 2.395000 11.891222 11.818000 4.272837 0.000090 1.674475
111617 10 29.591000 136.713000 403.451000 2.395000 11.949000 11.876889 4.314793 0.000088 1.681701
112641 10 29.661000 137.393000 404.320000 2.395000 11.967778 11.973556 4.355291 0.000087 1.688005
113665 10 30.561000 139.172000 413.562000 2.395000 11.994667 12.038000 4.393866 0.000086 1.693118
114689 10 30.150000 138.152000 409.540000 2.395000 12.004444 11.994556 4.433452 0.000085 1.699028
115713 10 30.120000 139.624000 410.720000 2.395000 12.168889 12.127778 4.469969 0.000084 1.703024
116737 10 30.251000 139.944000 412.381000 2.395000 12.207889 12.095778 4.506031 0.000083 1.706852
117761 10 30.610000 141.753000 416.960000 2.395000 12.317778 12.271111 4.539291 0.000083 1.709093
118785 10 30.650000 142.354000 417.751000 2.395000 12.361222 12.294444 4.571521 0.000082 1.710861
119809 10 30.690000 141.784000 418.301000 2.395000 12.377889 12.400222 4.604909 0.000081 1.713429
120833 10 31.030000 142.493000 421.391000 2.395000 12.343444 12.317889 4.637601 0.000080 1.715702
121857 10 31.111000 144.353000 425.000000 2.395000 12.654444 12.629222 4.667071 0.000079 1.716283
122881 10 31.110000 143.853000 423.092000 2.395000 12.443556 12.410222 4.697545 0.000079 1.717532
123905 10 31.320000 145.024000 428.012000 2.395000 12.756889 12.711222 4.726367 0.000078 1.717998
124929 10 31.421000 144.953000 427.201000 2.395000 12.554556 12.489111 4.755604 0.000077 1.718803
125953 10 31.651000 145.643000 431.481000 2.395000 12.774556 12.697000 4.784118 0.000076 1.719332
126977 10 31.740000 146.283000 431.561000 2.395000 12.684556 12.632556 4.811776 0.000076 1.719522
128001 10 31.450000 146.393000 430.451000 2.395000 12.883444 12.819000 4.838866 0.000075 1.719528
129025 10 31.541000 145.974000 429.171000 2.395000 12.640111 12.578111 4.866960 0.000075 1.720171
130049 10 31.761000 146.574000 433.821000 2.395000 12.912333 12.868000 4.894493 0.000074 1.720621
