# size n PRTT(1,0,s) PRTT(n,0,s) PRTT(n,PRTT(1,0,s),s) L o_s o_r g G lsqu(g,G)
# to get o: plot "./loggp.out" using 1:(($5-$3)/($2-1)-$3)
# to get g,G: plot "./loggp.out" using 1:($4-$3)/($2-1)
1 10 3.210000 5.240000 33.051000 1.605000 0.105667 0.243444 -nan -nan -nan
1025 10 10.600000 41.721000 136.034000 1.605000 3.337111 3.412667 0.222399 0.003157 inf
2049 10 10.880000 42.830000 139.435000 1.605000 3.403889 3.729444 0.747303 0.001623 1.281990
3073 10 13.099000 45.461000 162.114000 1.605000 3.458222 3.818111 1.175893 0.000996 1.228239
4097 10 14.989000 48.000000 180.836000 1.605000 3.438444 3.892778 1.494225 0.000686 1.158810
5121 10 15.129000 47.572000 181.896000 1.605000 3.400667 3.865000 1.761356 0.000490 1.113972
6145 10 15.560000 48.010000 186.366000 1.605000 3.418444 3.929444 1.970160 0.000368 1.067272
7169 10 15.290000 47.882000 183.486000 1.605000 3.398444 3.904000 2.134759 0.000288 1.021742
8193 10 15.440000 48.371000 185.346000 1.605000 3.438444 3.964000 2.264349 0.000233 0.977987
9217 10 15.650000 48.920000 187.045000 1.605000 3.393889 4.139556 2.369049 0.000195 0.937690
10241 10 15.970000 49.590000 190.515000 1.605000 3.423889 4.163889 2.455247 0.000167 0.901009
11265 10 16.199000 49.780000 192.165000 1.605000 3.352778 4.248333 2.532998 0.000144 0.869802
12289 10 16.039000 50.241000 191.195000 1.605000 3.422778 4.386000 2.594214 0.000128 0.839451
13313 10 17.201000 52.111000 202.216000 1.605000 3.356222 4.839667 2.642182 0.000116 0.810466
14337 10 17.161000 52.831000 202.705000 1.605000 3.455000 4.898667 2.679714 0.000108 0.783152
15361 10 17.430000 53.652000 205.656000 1.605000 3.484000 4.946222 2.711816 0.000101 0.758207
16385 10 17.329000 54.310000 204.666000 1.605000 3.486222 5.020667 2.737305 0.000096 0.734905
17409 10 18.011000 55.801000 210.935000 1.605000 3.425000 5.306556 2.757187 0.000093 0.713144
18433 10 18.190000 56.771000 212.995000 1.605000 3.455000 5.287333 2.772921 0.000090 0.692908
19457 10 18.330000 57.171000 214.056000 1.605000 3.417333 5.367556 2.790465 0.000087 0.674791
20481 10 17.681000 57.812000 208.486000 1.605000 3.519556 5.349667 2.799708 0.000086 0.657209
21505 10 18.261000 59.491000 213.967000 1.605000 3.484111 5.495222 2.804284 0.000085 0.640677
22529 10 18.969000 60.611000 220.997000 1.605000 3.478556 5.579556 2.811069 0.000084 0.625490
23553 10 18.590000 62.031000 217.287000 1.605000 3.487444 5.604222 2.808184 0.000084 0.611158
24577 10 18.451000 63.131000 216.857000 1.605000 3.594111 5.703222 2.802202 0.000085 0.597945
25601 10 19.181000 64.762000 223.177000 1.605000 3.485222 5.904222 2.796403 0.000086 0.585574
26625 10 19.431000 65.783000 226.126000 1.605000 3.535111 5.944333 2.791752 0.000086 0.573891
27649 10 19.511000 66.641000 226.577000 1.605000 3.496333 6.008667 2.788004 0.000087 0.562847
28673 10 20.039000 68.122000 232.077000 1.605000 3.520778 6.151778 2.783804 0.000087 0.552459
29697 10 19.781000 69.362000 229.257000 1.605000 3.494111 6.259889 2.775616 0.000088 0.543035
30721 10 20.039000 70.642000 232.157000 1.605000 3.529667 6.265222 2.767307 0.000089 0.534162
31745 10 20.260000 71.882000 233.958000 1.605000 3.484222 6.306333 2.758963 0.000090 0.525786
32769 10 20.360000 103.022000 286.159000 1.605000 9.173222 9.152000 2.566294 0.000108 0.783703
33793 10 20.480000 102.983000 286.248000 1.605000 9.049778 9.112111 2.407396 0.000122 0.914889
34817 10 20.689000 101.023000 288.239000 1.605000 9.038778 9.107556 2.289256 0.000133 0.974113
35841 10 20.850000 102.072000 289.330000 1.605000 8.981111 9.050000 2.188639 0.000142 1.011454
36865 10 20.821000 100.923000 289.539000 1.605000 9.036556 8.943222 2.114392 0.000148 1.025058
37889 10 20.940000 100.763000 288.859000 1.605000 8.828778 8.986667 2.058324 0.000152 1.027036
38913 10 20.871000 100.563000 289.148000 1.605000 8.937556 8.997778 2.017214 0.000156 1.022051
39937 10 21.220000 102.302000 293.089000 1.605000 8.987667 9.018778 1.981246 0.000158 1.015590
40961 10 21.170000 101.852000 293.909000 1.605000 9.134333 9.091000 1.958838 0.000160 1.005316
41985 10 21.411000 102.762000 294.989000 1.605000 8.986556 9.016778 1.942955 0.000161 0.994138
43009 10 21.761000 104.083000 301.778000 1.605000 9.352000 9.297667 1.931325 0.000162 0.982753
44033 10 22.079000 105.543000 303.869000 1.605000 9.231000 9.228667 1.922621 0.000163 0.971454
45057 10 22.039000 104.612000 304.029000 1.605000 9.293222 9.336444 1.925883 0.000162 0.960160
46081 10 22.410000 106.433000 308.170000 1.605000 9.341111 9.414444 1.929018 0.000162 0.949251
47105 10 22.540000 107.283000 311.489000 1.605000 9.565444 9.390000 1.935269 0.000162 0.938911
48129 10 23.239000 107.582000 318.330000 1.605000 9.548889 9.555333 1.949116 0.000161 0.929997
49153 10 22.661000 108.192000 312.550000 1.605000 9.548889 9.543333 1.962860 0.000160 0.921415
50177 10 23.061000 108.703000 317.571000 1.605000 9.662333 9.647889 1.980987 0.000159 0.914206
51201 10 22.960000 109.683000 316.420000 1.605000 9.646667 9.582111 1.998977 0.000158 0.907295
52225 10 22.930000 109.483000 316.551000 1.605000 9.694556 9.545556 2.021851 0.000157 0.902260
53249 10 22.659000 107.082000 310.630000 1.605000 9.337778 9.308778 2.056788 0.000155 0.903089
54273 10 22.750000 107.683000 311.860000 1.605000 9.373333 9.672222 2.092156 0.000153 0.904482
55297 10 23.019000 107.403000 315.030000 1.605000 9.426667 9.382000 2.131890 0.000150 0.908856
56321 10 23.420000 118.054000 323.150000 1.605000 9.883333 9.848889 2.134863 0.000150 0.900475
57345 10 23.070000 110.852000 321.590000 1.605000 10.098889 9.956667 2.168035 0.000148 0.901636
58369 10 23.690000 113.632000 326.510000 1.605000 9.956667 9.991111 2.195557 0.000147 0.900115
59393 10 23.850000 113.744000 330.790000 1.605000 10.254444 10.234556 2.225836 0.000145 0.900265
60417 10 23.880000 116.824000 331.901000 1.605000 10.344556 10.263222 2.247647 0.000144 0.896737
61441 10 24.000000 115.934000 332.380000 1.605000 10.264444 10.254333 2.275837 0.000143 0.896357
62465 10 24.200000 115.513000 333.021000 1.605000 10.113444 10.058889 2.308436 0.000141 0.898692
63489 10 24.211000 115.403000 336.050000 1.605000 10.437778 10.382444 2.343309 0.000140 0.902680
64513 10 24.461000 117.703000 338.611000 1.605000 10.444556 10.362444 2.373007 0.000138 0.903726
65537 10 25.210000 118.653000 347.421000 1.605000 10.591222 10.570111 2.403987 0.000137 0.905733
66561 10 25.220000 120.762000 347.750000 1.605000 10.616667 9.990000 2.429989 0.000136 0.905204
67585 10 25.121000 115.983000 341.541000 1.605000 10.036778 10.375778 2.472905 0.000134 0.916273
68609 10 25.630000 116.934000 346.400000 1.605000 10.011111 10.337889 2.515219 0.000132 0.926896
69633 10 25.159000 115.874000 350.670000 1.605000 11.008889 10.243222 2.560107 0.000130 0.939769
70657 10 25.250000 117.234000 344.761000 1.605000 10.251222 10.386778 2.601652 0.000128 0.949830
71681 10 25.960000 118.584000 352.481000 1.605000 10.320111 10.521111 2.641966 0.000126 0.958977
72705 10 25.340000 117.323000 349.401000 1.605000 10.666778 10.331222 2.684895 0.000125 0.970353
73729 10 25.401000 119.633000 348.361000 1.605000 10.483444 10.480111 2.721740 0.000123 0.976988
74753 10 25.769000 119.783000 352.211000 1.605000 10.502333 10.536556 2.760054 0.000122 0.984849
75777 10 25.851000 120.904000 353.951000 1.605000 10.604556 10.617889 2.796104 0.000120 0.991139
76801 10 25.960000 121.484000 355.060000 1.605000 10.606667 10.531333 2.831625 0.000119 0.997177
77825 10 26.129000 120.343000 356.701000 1.605000 10.601222 10.581222 2.871562 0.000117 1.006707
78849 10 26.371000 121.603000 358.550000 1.605000 10.537778 10.651444 2.909166 0.000116 1.014476
79873 10 26.840000 121.174000 362.540000 1.605000 10.460000 10.564556 2.949761 0.000114 1.024718
80897 10 26.130000 121.542000 355.000000 1.605000 10.411111 10.527778 2.987805 0.000113 1.032970
81921 10 26.281000 121.154000 357.270000 1.605000 10.495556 10.567889 3.027722 0.000111 1.042801
82945 10 26.459000 119.683000 357.501000 1.605000 10.323444 10.433444 3.072242 0.000110 1.056655
83969 10 26.391000 118.913000 355.642000 1.605000 10.192444 10.326889 3.118558 0.000108 1.072130
84993 10 26.800000 117.943000 357.800000 1.605000 9.977778 10.208000 3.168232 0.000106 1.090784
86017 10 26.591000 117.433000 356.552000 1.605000 10.071333 10.144556 3.218273 0.000104 1.109627
87041 10 26.851000 116.463000 357.702000 1.605000 9.910222 9.983667 3.270934 0.000103 1.130971
88065 10 27.000000 117.224000 358.730000 1.605000 9.858889 10.009000 3.321451 0.000101 1.149863
89089 10 26.599000 116.094000 355.701000 1.605000 9.967889 10.033222 3.373201 0.000099 1.169824
90113 10 26.691000 117.403000 357.642000 1.605000 10.081333 10.280333 3.421368 0.000097 1.186073
91137 10 26.761000 116.944000 358.360000 1.605000 10.083333 10.191333 3.470318 0.000096 1.202980
92161 10 26.810000 118.973000 360.750000 1.605000 10.294444 10.374667 3.514038 0.000094 1.215054
93185 10 26.680000 120.184000 358.802000 1.605000 10.222444 10.268889 3.554326 0.000093 1.224318
94209 10 26.690000 116.763000 355.941000 1.605000 9.893444 9.971111 3.602409 0.000091 1.240409
95233 10 26.751000 117.493000 358.012000 1.605000 10.055778 10.063667 3.648382 0.000090 1.254484
96257 10 26.839000 117.393000 358.022000 1.605000 9.959111 11.236667 3.694286 0.000089 1.268472
97281 10 27.291000 122.484000 368.631000 1.605000 10.635667 10.689000 3.729268 0.000087 1.273786
98305 10 27.471000 124.794000 372.871000 1.605000 10.906778 10.843556 3.759539 0.000087 1.276172
99329 10 27.510000 125.493000 373.262000 1.605000 10.906889 10.872444 3.788597 0.000086 1.277969
100353 10 27.741000 126.663000 377.062000 1.605000 11.072444 11.112444 3.815888 0.000085 1.278893
101377 10 27.761000 127.324000 377.681000 1.605000 11.119000 10.885889 3.842142 0.000084 1.279381
102401 10 27.891000 124.034000 374.731000 1.605000 10.646778 10.744667 3.876077 0.000083 1.284734
103425 10 27.891000 126.683000 378.101000 1.605000 11.021222 11.018222 3.904393 0.000082 1.286587
104449 10 28.290000 127.924000 383.842000 1.605000 11.215778 11.172333 3.931181 0.000081 1.287684
105473 10 28.530000 129.463000 388.502000 1.605000 11.466889 11.361222 3.955565 0.000081 1.287612
106497 10 28.780000 129.744000 383.702000 1.605000 10.655778 10.735778 3.980274 0.000080 1.287827
107521 10 28.090000 123.743000 381.061000 1.605000 11.129000 10.627889 4.016162 0.000079 1.295378
108545 10 28.051000 125.674000 376.321000 1.605000 10.645667 10.963778 4.047894 0.000078 1.299996
109569 10 29.259000 125.783000 385.601000 1.605000 10.334556 10.650111 4.081821 0.000077 1.306255
110593 10 28.500000 127.363000 384.502000 1.605000 11.055778 10.610222 4.110990 0.000076 1.309356
111617 10 28.801000 127.194000 382.641000 1.605000 10.514556 11.024778 4.141161 0.000076 1.313204
112641 10 28.460000 126.184000 379.982000 1.605000 10.598000 10.855667 4.172657 0.000075 1.318038
113665 10 28.880000 128.154000 385.561000 1.605000 10.751222 10.895667 4.201104 0.000074 1.320955
114689 10 28.930000 129.364000 387.083000 1.605000 10.864778 11.028000 4.227398 0.000073 1.322663
115713 10 29.190000 130.293000 389.922000 1.605000 10.891333 11.043444 4.252568 0.000073 1.323829
116737 10 29.320000 129.474000 391.502000 1.605000 10.922444 11.098000 4.279707 0.000072 1.326251
117761 10 30.270000 129.954000 398.713000 1.605000 10.668111 11.173556 4.307809 0.000071 1.329369
118785 10 29.751000 131.244000 394.802000 1.605000 10.810222 11.199222 4.332594 0.000071 1.330583
119809 10 30.040000 131.885000 397.693000 1.605000 10.810333 11.174667 4.356892 0.000070 1.331619
120833 10 30.131000 131.653000 399.062000 1.605000 10.861333 11.239222 4.381947 0.000069 1.333181
121857 10 30.290000 132.974000 400.692000 1.605000 10.865778 11.268111 4.405028 0.000069 1.333730
122881 10 30.720000 133.184000 406.353000 1.605000 11.017000 11.395889 4.428699 0.000068 1.334694
123905 10 30.201000 134.485000 401.722000 1.605000 11.079111 11.422556 4.449296 0.000068 1.334143
124929 10 30.551000 134.654000 406.583000 1.605000 11.230333 11.488222 4.470487 0.000067 1.333976
125953 10 30.731000 135.524000 407.443000 1.605000 11.125889 11.478222 4.490711 0.000067 1.333418
126977 10 30.870000 136.164000 410.973000 1.605000 11.363667 11.652444 4.510334 0.000066 1.332657
128001 10 30.901000 135.965000 411.102000 1.605000 11.343556 11.621667 4.530636 0.000066 1.332313
129025 10 30.811000 135.844000 412.724000 1.605000 11.623778 11.741444 4.551238 0.000065 1.332203
130049 10 30.890000 137.124000 413.024000 1.605000 11.569333 11.856889 4.570030 0.000065 1.331293
